{"@timestamp":"2026-04-17T20:48:50.429936294-04:00","@version":"1","message":"Starting OrdenServiceApplication v0.0.1-SNAPSHOT using Java 25.0.2 with PID 983220 (/home/rusok/Descargas/microservicios/orden-service/target/orden-service-0.0.1-SNAPSHOT.jar started by rusok in /home/rusok/Descargas/microservicios)","logger_name":"principal.OrdenServiceApplication","thread_name":"main","level":"INFO","level_value":20000}
{"@timestamp":"2026-04-17T20:48:50.457525276-04:00","@version":"1","message":"No active profile set, falling back to 1 default profile: \"default\"","logger_name":"principal.OrdenServiceApplication","thread_name":"main","level":"INFO","level_value":20000}
{"@timestamp":"2026-04-17T20:48:50.578895625-04:00","@version":"1","message":"Fetching config from server at : http://localhost:8888","logger_name":"org.springframework.cloud.config.client.ConfigServerConfigDataLoader","thread_name":"main","level":"INFO","level_value":20000}
{"@timestamp":"2026-04-17T20:48:50.579154762-04:00","@version":"1","message":"Located environment: name=orden-service, profiles=[default], label=null, version=192e9e0986395c77cbd1aa22bc55be02f1ca3fd3, state=","logger_name":"org.springframework.cloud.config.client.ConfigServerConfigDataLoader","thread_name":"main","level":"INFO","level_value":20000}
{"@timestamp":"2026-04-17T20:48:55.253507441-04:00","@version":"1","message":"Bootstrapping Spring Data JPA repositories in DEFAULT mode.","logger_name":"org.springframework.data.repository.config.RepositoryConfigurationDelegate","thread_name":"main","level":"INFO","level_value":20000}
{"@timestamp":"2026-04-17T20:48:55.719907632-04:00","@version":"1","message":"Finished Spring Data repository scanning in 375 ms. Found 1 JPA repository interface.","logger_name":"org.springframework.data.repository.config.RepositoryConfigurationDelegate","thread_name":"main","level":"INFO","level_value":20000}
{"@timestamp":"2026-04-17T20:48:57.456759314-04:00","@version":"1","message":"BeanFactory id=5decc5d2-cabb-3b78-931f-a247725a7ce3","logger_name":"org.springframework.cloud.context.scope.GenericScope","thread_name":"main","level":"INFO","level_value":20000}
{"@timestamp":"2026-04-17T20:49:01.496068221-04:00","@version":"1","message":"Tomcat initialized with port 8084 (http)","logger_name":"org.springframework.boot.web.embedded.tomcat.TomcatWebServer","thread_name":"main","level":"INFO","level_value":20000}
{"@timestamp":"2026-04-17T20:49:01.53671494-04:00","@version":"1","message":"Starting service [Tomcat]","logger_name":"org.apache.catalina.core.StandardService","thread_name":"main","level":"INFO","level_value":20000}
{"@timestamp":"2026-04-17T20:49:01.537799752-04:00","@version":"1","message":"Starting Servlet engine: [Apache Tomcat/10.1.52]","logger_name":"org.apache.catalina.core.StandardEngine","thread_name":"main","level":"INFO","level_value":20000}
{"@timestamp":"2026-04-17T20:49:01.675521982-04:00","@version":"1","message":"Initializing Spring embedded WebApplicationContext","logger_name":"org.apache.catalina.core.ContainerBase.[Tomcat].[localhost].[/]","thread_name":"main","level":"INFO","level_value":20000}
{"@timestamp":"2026-04-17T20:49:01.69554675-04:00","@version":"1","message":"Root WebApplicationContext: initialization completed in 11087 ms","logger_name":"org.springframework.boot.web.servlet.context.ServletWebServerApplicationContext","thread_name":"main","level":"INFO","level_value":20000}
{"@timestamp":"2026-04-17T20:49:05.262395544-04:00","@version":"1","message":"HHH000204: Processing PersistenceUnitInfo [name: default]","logger_name":"org.hibernate.jpa.internal.util.LogHelper","thread_name":"main","level":"INFO","level_value":20000}
{"@timestamp":"2026-04-17T20:49:05.551195958-04:00","@version":"1","message":"HHH000412: Hibernate ORM core version 6.6.42.Final","logger_name":"org.hibernate.Version","thread_name":"main","level":"INFO","level_value":20000}
{"@timestamp":"2026-04-17T20:49:05.671174973-04:00","@version":"1","message":"HHH000026: Second-level cache disabled","logger_name":"org.hibernate.cache.internal.RegionFactoryInitiator","thread_name":"main","level":"INFO","level_value":20000}
{"@timestamp":"2026-04-17T20:49:06.753915813-04:00","@version":"1","message":"No LoadTimeWeaver setup: ignoring JPA class transformer","logger_name":"org.springframework.orm.jpa.persistenceunit.SpringPersistenceUnitInfo","thread_name":"main","level":"INFO","level_value":20000}
{"@timestamp":"2026-04-17T20:49:06.83362034-04:00","@version":"1","message":"HikariPool-1 - Starting...","logger_name":"com.zaxxer.hikari.HikariDataSource","thread_name":"main","level":"INFO","level_value":20000}
{"@timestamp":"2026-04-17T20:49:07.316432421-04:00","@version":"1","message":"HikariPool-1 - Added connection conn0: url=jdbc:h2:mem:store user=SA","logger_name":"com.zaxxer.hikari.pool.HikariPool","thread_name":"main","level":"INFO","level_value":20000}
{"@timestamp":"2026-04-17T20:49:07.321196207-04:00","@version":"1","message":"HikariPool-1 - Start completed.","logger_name":"com.zaxxer.hikari.HikariDataSource","thread_name":"main","level":"INFO","level_value":20000}
{"@timestamp":"2026-04-17T20:49:07.488885829-04:00","@version":"1","message":"HHH10001005: Database info:\n\tDatabase JDBC URL [Connecting through datasource 'HikariDataSource (HikariPool-1)']\n\tDatabase driver: undefined/unknown\n\tDatabase version: 2.3.232\n\tAutocommit mode: undefined/unknown\n\tIsolation level: undefined/unknown\n\tMinimum pool size: undefined/unknown\n\tMaximum pool size: undefined/unknown","logger_name":"org.hibernate.orm.connections.pooling","thread_name":"main","level":"INFO","level_value":20000}
{"@timestamp":"2026-04-17T20:49:09.366183387-04:00","@version":"1","message":"HHH000489: No JTA platform available (set 'hibernate.transaction.jta.platform' to enable JTA platform integration)","logger_name":"org.hibernate.engine.transaction.jta.platform.internal.JtaPlatformInitiator","thread_name":"main","level":"INFO","level_value":20000}
{"@timestamp":"2026-04-17T20:49:09.432763352-04:00","@version":"1","message":"Initialized JPA EntityManagerFactory for persistence unit 'default'","logger_name":"org.springframework.orm.jpa.LocalContainerEntityManagerFactoryBean","thread_name":"main","level":"INFO","level_value":20000}
{"@timestamp":"2026-04-17T20:49:10.167830666-04:00","@version":"1","message":"spring.jpa.open-in-view is enabled by default. Therefore, database queries may be performed during view rendering. Explicitly configure spring.jpa.open-in-view to disable this warning","logger_name":"org.springframework.boot.autoconfigure.orm.jpa.JpaBaseConfiguration$JpaWebConfiguration","thread_name":"main","level":"WARN","level_value":30000}
{"@timestamp":"2026-04-17T20:49:10.567268988-04:00","@version":"1","message":"For 'producto-service' URL not provided. Will try picking an instance via load-balancing.","logger_name":"org.springframework.cloud.openfeign.FeignClientFactoryBean","thread_name":"main","level":"INFO","level_value":20000}
{"@timestamp":"2026-04-17T20:49:15.206937853-04:00","@version":"1","message":"Eureka HTTP Client uses RestTemplate.","logger_name":"org.springframework.cloud.netflix.eureka.config.DiscoveryClientOptionalArgsConfiguration","thread_name":"main","level":"INFO","level_value":20000}
{"@timestamp":"2026-04-17T20:49:15.321924427-04:00","@version":"1","message":"Spring Cloud LoadBalancer is currently working with the default cache. While this cache implementation is useful for development and tests, it's recommended to use Caffeine cache in production.You can switch to using Caffeine cache, by adding it and org.springframework.cache.caffeine.CaffeineCacheManager to the classpath.","logger_name":"org.springframework.cloud.loadbalancer.config.LoadBalancerCacheAutoConfiguration$LoadBalancerCaffeineWarnLogger","thread_name":"main","level":"WARN","level_value":30000}
{"@timestamp":"2026-04-17T20:49:15.36255028-04:00","@version":"1","message":"Exposing 4 endpoints beneath base path '/actuator'","logger_name":"org.springframework.boot.actuate.endpoint.web.EndpointLinksResolver","thread_name":"main","level":"INFO","level_value":20000}
{"@timestamp":"2026-04-17T20:49:15.489812258-04:00","@version":"1","message":"Setting initial instance status as: STARTING","logger_name":"org.springframework.cloud.netflix.eureka.InstanceInfoFactory","thread_name":"main","level":"INFO","level_value":20000}
{"@timestamp":"2026-04-17T20:49:15.523764385-04:00","@version":"1","message":"Initializing Eureka in region us-east-1","logger_name":"com.netflix.discovery.DiscoveryClient","thread_name":"main","level":"INFO","level_value":20000}
{"@timestamp":"2026-04-17T20:49:15.52766039-04:00","@version":"1","message":"Resolving eureka endpoints via configuration","logger_name":"com.netflix.discovery.shared.resolver.aws.ConfigClusterResolver","thread_name":"main","level":"INFO","level_value":20000}
{"@timestamp":"2026-04-17T20:49:15.537502609-04:00","@version":"1","message":"Disable delta property : false","logger_name":"com.netflix.discovery.DiscoveryClient","thread_name":"main","level":"INFO","level_value":20000}
{"@timestamp":"2026-04-17T20:49:15.53765504-04:00","@version":"1","message":"Single vip registry refresh property : null","logger_name":"com.netflix.discovery.DiscoveryClient","thread_name":"main","level":"INFO","level_value":20000}
{"@timestamp":"2026-04-17T20:49:15.538210383-04:00","@version":"1","message":"Force full registry fetch : false","logger_name":"com.netflix.discovery.DiscoveryClient","thread_name":"main","level":"INFO","level_value":20000}
{"@timestamp":"2026-04-17T20:49:15.538339054-04:00","@version":"1","message":"Application is null : false","logger_name":"com.netflix.discovery.DiscoveryClient","thread_name":"main","level":"INFO","level_value":20000}
{"@timestamp":"2026-04-17T20:49:15.538438831-04:00","@version":"1","message":"Registered Applications size is zero : true","logger_name":"com.netflix.discovery.DiscoveryClient","thread_name":"main","level":"INFO","level_value":20000}
{"@timestamp":"2026-04-17T20:49:15.538541901-04:00","@version":"1","message":"Application version is -1: true","logger_name":"com.netflix.discovery.DiscoveryClient","thread_name":"main","level":"INFO","level_value":20000}
{"@timestamp":"2026-04-17T20:49:15.538638063-04:00","@version":"1","message":"Getting all instance registry info from the eureka server","logger_name":"com.netflix.discovery.DiscoveryClient","thread_name":"main","level":"INFO","level_value":20000}
{"@timestamp":"2026-04-17T20:49:16.018259926-04:00","@version":"1","message":"The response status is 200","logger_name":"com.netflix.discovery.DiscoveryClient","thread_name":"main","level":"INFO","level_value":20000}
{"@timestamp":"2026-04-17T20:49:16.019642969-04:00","@version":"1","message":"Starting heartbeat executor: renew interval is: 30","logger_name":"com.netflix.discovery.DiscoveryClient","thread_name":"main","level":"INFO","level_value":20000}
{"@timestamp":"2026-04-17T20:49:16.021103931-04:00","@version":"1","message":"InstanceInfoReplicator onDemand update allowed rate per min is 4","logger_name":"com.netflix.discovery.InstanceInfoReplicator","thread_name":"main","level":"INFO","level_value":20000}
{"@timestamp":"2026-04-17T20:49:16.023636113-04:00","@version":"1","message":"Discovery Client initialized at timestamp 1776473356023 with initial instances count: 0","logger_name":"com.netflix.discovery.DiscoveryClient","thread_name":"main","level":"INFO","level_value":20000}
{"@timestamp":"2026-04-17T20:49:16.035123438-04:00","@version":"1","message":"Registering application ORDEN-SERVICE with eureka with status UP","logger_name":"org.springframework.cloud.netflix.eureka.serviceregistry.EurekaServiceRegistry","thread_name":"main","level":"INFO","level_value":20000}
{"@timestamp":"2026-04-17T20:49:16.035780322-04:00","@version":"1","message":"Saw local status change event StatusChangeEvent [timestamp=1776473356035, current=UP, previous=STARTING]","logger_name":"com.netflix.discovery.DiscoveryClient","thread_name":"main","level":"INFO","level_value":20000}
{"@timestamp":"2026-04-17T20:49:16.037802795-04:00","@version":"1","message":"DiscoveryClient_ORDEN-SERVICE/192.168.1.247:orden-service:8084: registering service...","logger_name":"com.netflix.discovery.DiscoveryClient","thread_name":"DiscoveryClient-InstanceInfoReplicator-%d","level":"INFO","level_value":20000}
{"@timestamp":"2026-04-17T20:49:16.058369167-04:00","@version":"1","message":"Tomcat started on port 8084 (http) with context path '/'","logger_name":"org.springframework.boot.web.embedded.tomcat.TomcatWebServer","thread_name":"main","level":"INFO","level_value":20000}
{"@timestamp":"2026-04-17T20:49:16.058980443-04:00","@version":"1","message":"Updating port to 8084","logger_name":"org.springframework.cloud.netflix.eureka.serviceregistry.EurekaAutoServiceRegistration","thread_name":"main","level":"INFO","level_value":20000}
{"@timestamp":"2026-04-17T20:49:16.115656618-04:00","@version":"1","message":"Started OrdenServiceApplication in 29.623 seconds (process running for 32.63)","logger_name":"principal.OrdenServiceApplication","thread_name":"main","level":"INFO","level_value":20000}
{"@timestamp":"2026-04-17T20:49:16.119689686-04:00","@version":"1","message":"DiscoveryClient_ORDEN-SERVICE/192.168.1.247:orden-service:8084 - registration status: 204","logger_name":"com.netflix.discovery.DiscoveryClient","thread_name":"DiscoveryClient-InstanceInfoReplicator-%d","level":"INFO","level_value":20000}
{"@timestamp":"2026-04-17T20:49:17.062549019-04:00","@version":"1","message":"Spans were dropped due to exceptions. All subsequent errors will be logged at FINE level.","logger_name":"zipkin2.reporter.internal.AsyncReporter$BoundedAsyncReporter","thread_name":"AsyncReporter{ZipkinHttpClientSender{http://localhost:9411/api/v2/spans}}","level":"WARN","level_value":30000}
{"@timestamp":"2026-04-17T20:49:17.062921122-04:00","@version":"1","message":"Dropped 2 spans due to ConnectException()","logger_name":"zipkin2.reporter.internal.AsyncReporter$BoundedAsyncReporter","thread_name":"AsyncReporter{ZipkinHttpClientSender{http://localhost:9411/api/v2/spans}}","level":"WARN","level_value":30000,"stack_trace":"java.net.ConnectException\n\tat java.net.http/jdk.internal.net.http.HttpClientImpl.send(HttpClientImpl.java:923)\n\tat java.net.http/jdk.internal.net.http.HttpClientFacade.send(HttpClientFacade.java:133)\n\tat org.springframework.boot.actuate.autoconfigure.tracing.zipkin.ZipkinHttpClientSender.postSpans(ZipkinHttpClientSender.java:60)\n\tat org.springframework.boot.actuate.autoconfigure.tracing.zipkin.HttpSender.postSpans(HttpSender.java:69)\n\tat org.springframework.boot.actuate.autoconfigure.tracing.zipkin.HttpSender.postSpans(HttpSender.java:41)\n\tat zipkin2.reporter.BaseHttpSender.send(BaseHttpSender.java:123)\n\tat zipkin2.reporter.internal.AsyncReporter$BoundedAsyncReporter.flush(AsyncReporter.java:266)\n\tat zipkin2.reporter.internal.AsyncReporter$Flusher.run(AsyncReporter.java:352)\n\tat java.base/java.lang.Thread.run(Thread.java:1474)\nCaused by: java.net.ConnectException\n\tat java.net.http/jdk.internal.net.http.common.Utils.toConnectException(Utils.java:1070)\n\tat java.net.http/jdk.internal.net.http.PlainHttpConnection.connectAsync(PlainHttpConnection.java:223)\n\tat java.net.http/jdk.internal.net.http.PlainHttpConnection.checkRetryConnect(PlainHttpConnection.java:277)\n\tat java.net.http/jdk.internal.net.http.PlainHttpConnection.lambda$connectAsync$0(PlainHttpConnection.java:235)\n\tat java.base/java.util.concurrent.CompletableFuture.uniHandle(CompletableFuture.java:955)\n\tat java.base/java.util.concurrent.CompletableFuture$UniHandle.tryFire(CompletableFuture.java:932)\n\tat java.base/java.util.concurrent.CompletableFuture.postComplete(CompletableFuture.java:531)\n\tat java.base/java.util.concurrent.CompletableFuture$AsyncSupply.run(CompletableFuture.java:1794)\n\tat java.base/java.util.concurrent.ThreadPoolExecutor.runWorker(ThreadPoolExecutor.java:1090)\n\tat java.base/java.util.concurrent.ThreadPoolExecutor$Worker.run(ThreadPoolExecutor.java:614)\n\t... 1 common frames omitted\nCaused by: java.nio.channels.ClosedChannelException\n\tat java.base/sun.nio.ch.SocketChannelImpl.ensureOpen(SocketChannelImpl.java:204)\n\tat java.base/sun.nio.ch.SocketChannelImpl.connect(SocketChannelImpl.java:942)\n\tat java.net.http/jdk.internal.net.http.PlainHttpConnection.connectAsync(PlainHttpConnection.java:211)\n\t... 9 common frames omitted\n"}
{"@timestamp":"2026-04-17T20:49:46.020476078-04:00","@version":"1","message":"Disable delta property : false","logger_name":"com.netflix.discovery.DiscoveryClient","thread_name":"DiscoveryClient-CacheRefreshExecutor-%d","level":"INFO","level_value":20000}
{"@timestamp":"2026-04-17T20:49:46.021006412-04:00","@version":"1","message":"Single vip registry refresh property : null","logger_name":"com.netflix.discovery.DiscoveryClient","thread_name":"DiscoveryClient-CacheRefreshExecutor-%d","level":"INFO","level_value":20000}
{"@timestamp":"2026-04-17T20:49:46.021528812-04:00","@version":"1","message":"Force full registry fetch : false","logger_name":"com.netflix.discovery.DiscoveryClient","thread_name":"DiscoveryClient-CacheRefreshExecutor-%d","level":"INFO","level_value":20000}
{"@timestamp":"2026-04-17T20:49:46.021832639-04:00","@version":"1","message":"Application is null : false","logger_name":"com.netflix.discovery.DiscoveryClient","thread_name":"DiscoveryClient-CacheRefreshExecutor-%d","level":"INFO","level_value":20000}
{"@timestamp":"2026-04-17T20:49:46.022071172-04:00","@version":"1","message":"Registered Applications size is zero : true","logger_name":"com.netflix.discovery.DiscoveryClient","thread_name":"DiscoveryClient-CacheRefreshExecutor-%d","level":"INFO","level_value":20000}
{"@timestamp":"2026-04-17T20:49:46.022254936-04:00","@version":"1","message":"Application version is -1: false","logger_name":"com.netflix.discovery.DiscoveryClient","thread_name":"DiscoveryClient-CacheRefreshExecutor-%d","level":"INFO","level_value":20000}
{"@timestamp":"2026-04-17T20:49:46.022390944-04:00","@version":"1","message":"Getting all instance registry info from the eureka server","logger_name":"com.netflix.discovery.DiscoveryClient","thread_name":"DiscoveryClient-CacheRefreshExecutor-%d","level":"INFO","level_value":20000}
{"@timestamp":"2026-04-17T20:49:46.05192859-04:00","@version":"1","message":"The response status is 200","logger_name":"com.netflix.discovery.DiscoveryClient","thread_name":"DiscoveryClient-CacheRefreshExecutor-%d","level":"INFO","level_value":20000}
{"@timestamp":"2026-04-17T20:53:02.486021856-04:00","@version":"1","message":"Initializing Spring DispatcherServlet 'dispatcherServlet'","logger_name":"org.apache.catalina.core.ContainerBase.[Tomcat].[localhost].[/]","thread_name":"http-nio-8084-exec-1","level":"INFO","level_value":20000}
{"@timestamp":"2026-04-17T20:53:02.486414754-04:00","@version":"1","message":"Initializing Servlet 'dispatcherServlet'","logger_name":"org.springframework.web.servlet.DispatcherServlet","thread_name":"http-nio-8084-exec-1","level":"INFO","level_value":20000}
{"@timestamp":"2026-04-17T20:53:02.488095548-04:00","@version":"1","message":"Completed initialization in 1 ms","logger_name":"org.springframework.web.servlet.DispatcherServlet","thread_name":"http-nio-8084-exec-1","level":"INFO","level_value":20000}
{"@timestamp":"2026-04-17T20:53:02.869445933-04:00","@version":"1","message":"Attempting to connect to: [localhost:5672]","logger_name":"org.springframework.amqp.rabbit.connection.CachingConnectionFactory","thread_name":"http-nio-8084-exec-1","level":"INFO","level_value":20000,"traceId":"69e2d5eec3340eb1be34fc64f9d85c82","spanId":"be34fc64f9d85c82"}
{"@timestamp":"2026-04-17T20:54:15.540498989-04:00","@version":"1","message":"Resolving eureka endpoints via configuration","logger_name":"com.netflix.discovery.shared.resolver.aws.ConfigClusterResolver","thread_name":"AsyncResolver-bootstrap-executor-%d","level":"INFO","level_value":20000}
{"@timestamp":"2026-04-17T20:54:55.056262142-04:00","@version":"1","message":"Attempting to connect to: [localhost:5672]","logger_name":"org.springframework.amqp.rabbit.connection.CachingConnectionFactory","thread_name":"http-nio-8084-exec-3","level":"INFO","level_value":20000,"traceId":"69e2d65fa99915ae4a3995a5413388d8","spanId":"4a3995a5413388d8"}
{"@timestamp":"2026-04-17T20:57:32.303324049-04:00","@version":"1","message":"Attempting to connect to: [localhost:5672]","logger_name":"org.springframework.amqp.rabbit.connection.CachingConnectionFactory","thread_name":"http-nio-8084-exec-4","level":"INFO","level_value":20000,"traceId":"69e2d6fc7525de9768bccfdea7941e4c","spanId":"68bccfdea7941e4c"}
{"@timestamp":"2026-04-17T20:59:15.541404018-04:00","@version":"1","message":"Resolving eureka endpoints via configuration","logger_name":"com.netflix.discovery.shared.resolver.aws.ConfigClusterResolver","thread_name":"AsyncResolver-bootstrap-executor-%d","level":"INFO","level_value":20000}
{"@timestamp":"2026-04-17T21:01:00.617762538-04:00","@version":"1","message":"Attempting to connect to: [localhost:5672]","logger_name":"org.springframework.amqp.rabbit.connection.CachingConnectionFactory","thread_name":"http-nio-8084-exec-1","level":"INFO","level_value":20000,"traceId":"69e2d7ccb4638d608ef46e117899d37f","spanId":"8ef46e117899d37f"}
{"@timestamp":"2026-04-17T21:01:14.517309593-04:00","@version":"1","message":"Unregistering application ORDEN-SERVICE with eureka with status DOWN","logger_name":"org.springframework.cloud.netflix.eureka.serviceregistry.EurekaServiceRegistry","thread_name":"SpringApplicationShutdownHook","level":"INFO","level_value":20000}
{"@timestamp":"2026-04-17T21:01:14.517882297-04:00","@version":"1","message":"Saw local status change event StatusChangeEvent [timestamp=1776474074517, current=DOWN, previous=UP]","logger_name":"com.netflix.discovery.DiscoveryClient","thread_name":"SpringApplicationShutdownHook","level":"INFO","level_value":20000}
{"@timestamp":"2026-04-17T21:01:14.518314659-04:00","@version":"1","message":"DiscoveryClient_ORDEN-SERVICE/192.168.1.247:orden-service:8084: registering service...","logger_name":"com.netflix.discovery.DiscoveryClient","thread_name":"DiscoveryClient-InstanceInfoReplicator-%d","level":"INFO","level_value":20000}
{"@timestamp":"2026-04-17T21:01:14.524292316-04:00","@version":"1","message":"Commencing graceful shutdown. Waiting for active requests to complete","logger_name":"org.springframework.boot.web.embedded.tomcat.GracefulShutdown","thread_name":"SpringApplicationShutdownHook","level":"INFO","level_value":20000}
{"@timestamp":"2026-04-17T21:01:14.531216462-04:00","@version":"1","message":"Graceful shutdown complete","logger_name":"org.springframework.boot.web.embedded.tomcat.GracefulShutdown","thread_name":"tomcat-shutdown","level":"INFO","level_value":20000}
{"@timestamp":"2026-04-17T21:01:14.539684275-04:00","@version":"1","message":"DiscoveryClient_ORDEN-SERVICE/192.168.1.247:orden-service:8084 - registration status: 204","logger_name":"com.netflix.discovery.DiscoveryClient","thread_name":"DiscoveryClient-InstanceInfoReplicator-%d","level":"INFO","level_value":20000}
{"@timestamp":"2026-04-17T21:01:14.566846762-04:00","@version":"1","message":"Closing JPA EntityManagerFactory for persistence unit 'default'","logger_name":"org.springframework.orm.jpa.LocalContainerEntityManagerFactoryBean","thread_name":"SpringApplicationShutdownHook","level":"INFO","level_value":20000}
{"@timestamp":"2026-04-17T21:01:14.574683024-04:00","@version":"1","message":"HikariPool-1 - Shutdown initiated...","logger_name":"com.zaxxer.hikari.HikariDataSource","thread_name":"SpringApplicationShutdownHook","level":"INFO","level_value":20000}
{"@timestamp":"2026-04-17T21:01:14.581315045-04:00","@version":"1","message":"HikariPool-1 - Shutdown completed.","logger_name":"com.zaxxer.hikari.HikariDataSource","thread_name":"SpringApplicationShutdownHook","level":"INFO","level_value":20000}
{"@timestamp":"2026-04-17T21:01:14.615737034-04:00","@version":"1","message":"Shutting down DiscoveryClient ...","logger_name":"com.netflix.discovery.DiscoveryClient","thread_name":"SpringApplicationShutdownHook","level":"INFO","level_value":20000}
{"@timestamp":"2026-04-17T21:01:17.616956962-04:00","@version":"1","message":"Unregistering ...","logger_name":"com.netflix.discovery.DiscoveryClient","thread_name":"SpringApplicationShutdownHook","level":"INFO","level_value":20000}
{"@timestamp":"2026-04-17T21:01:17.617317393-04:00","@version":"1","message":"task supervisor shutting down, can't accept the task","logger_name":"com.netflix.discovery.TimedSupervisorTask","thread_name":"DiscoveryClient-%d","level":"WARN","level_value":30000}
{"@timestamp":"2026-04-17T21:01:17.643404558-04:00","@version":"1","message":"DiscoveryClient_ORDEN-SERVICE/192.168.1.247:orden-service:8084 - deregister  status: 200","logger_name":"com.netflix.discovery.DiscoveryClient","thread_name":"SpringApplicationShutdownHook","level":"INFO","level_value":20000}
{"@timestamp":"2026-04-17T21:01:17.644550733-04:00","@version":"1","message":"Completed shut down of DiscoveryClient","logger_name":"com.netflix.discovery.DiscoveryClient","thread_name":"SpringApplicationShutdownHook","level":"INFO","level_value":20000}
{"@timestamp":"2026-04-17T21:01:25.305204951-04:00","@version":"1","message":"Starting OrdenServiceApplication v0.0.1-SNAPSHOT using Java 25.0.2 with PID 1044156 (/home/rusok/Descargas/microservicios/orden-service/target/orden-service-0.0.1-SNAPSHOT.jar started by rusok in /home/rusok/Descargas/microservicios)","logger_name":"principal.OrdenServiceApplication","thread_name":"main","level":"INFO","level_value":20000}
{"@timestamp":"2026-04-17T21:01:25.31722967-04:00","@version":"1","message":"No active profile set, falling back to 1 default profile: \"default\"","logger_name":"principal.OrdenServiceApplication","thread_name":"main","level":"INFO","level_value":20000}
{"@timestamp":"2026-04-17T21:01:25.386450143-04:00","@version":"1","message":"Fetching config from server at : http://localhost:8888","logger_name":"org.springframework.cloud.config.client.ConfigServerConfigDataLoader","thread_name":"main","level":"INFO","level_value":20000}
{"@timestamp":"2026-04-17T21:01:25.38666035-04:00","@version":"1","message":"Located environment: name=orden-service, profiles=[default], label=null, version=192e9e0986395c77cbd1aa22bc55be02f1ca3fd3, state=","logger_name":"org.springframework.cloud.config.client.ConfigServerConfigDataLoader","thread_name":"main","level":"INFO","level_value":20000}
{"@timestamp":"2026-04-17T21:01:27.51239442-04:00","@version":"1","message":"Bootstrapping Spring Data JPA repositories in DEFAULT mode.","logger_name":"org.springframework.data.repository.config.RepositoryConfigurationDelegate","thread_name":"main","level":"INFO","level_value":20000}
{"@timestamp":"2026-04-17T21:01:27.666434692-04:00","@version":"1","message":"Finished Spring Data repository scanning in 138 ms. Found 1 JPA repository interface.","logger_name":"org.springframework.data.repository.config.RepositoryConfigurationDelegate","thread_name":"main","level":"INFO","level_value":20000}
{"@timestamp":"2026-04-17T21:01:28.270648978-04:00","@version":"1","message":"BeanFactory id=5decc5d2-cabb-3b78-931f-a247725a7ce3","logger_name":"org.springframework.cloud.context.scope.GenericScope","thread_name":"main","level":"INFO","level_value":20000}
{"@timestamp":"2026-04-17T21:01:29.750345582-04:00","@version":"1","message":"Tomcat initialized with port 8084 (http)","logger_name":"org.springframework.boot.web.embedded.tomcat.TomcatWebServer","thread_name":"main","level":"INFO","level_value":20000}
{"@timestamp":"2026-04-17T21:01:29.781032493-04:00","@version":"1","message":"Starting service [Tomcat]","logger_name":"org.apache.catalina.core.StandardService","thread_name":"main","level":"INFO","level_value":20000}
{"@timestamp":"2026-04-17T21:01:29.781452044-04:00","@version":"1","message":"Starting Servlet engine: [Apache Tomcat/10.1.52]","logger_name":"org.apache.catalina.core.StandardEngine","thread_name":"main","level":"INFO","level_value":20000}
{"@timestamp":"2026-04-17T21:01:29.861269525-04:00","@version":"1","message":"Initializing Spring embedded WebApplicationContext","logger_name":"org.apache.catalina.core.ContainerBase.[Tomcat].[localhost].[/]","thread_name":"main","level":"INFO","level_value":20000}
{"@timestamp":"2026-04-17T21:01:29.862786673-04:00","@version":"1","message":"Root WebApplicationContext: initialization completed in 4471 ms","logger_name":"org.springframework.boot.web.servlet.context.ServletWebServerApplicationContext","thread_name":"main","level":"INFO","level_value":20000}
{"@timestamp":"2026-04-17T21:01:31.909647005-04:00","@version":"1","message":"HHH000204: Processing PersistenceUnitInfo [name: default]","logger_name":"org.hibernate.jpa.internal.util.LogHelper","thread_name":"main","level":"INFO","level_value":20000}
{"@timestamp":"2026-04-17T21:01:32.039463169-04:00","@version":"1","message":"HHH000412: Hibernate ORM core version 6.6.42.Final","logger_name":"org.hibernate.Version","thread_name":"main","level":"INFO","level_value":20000}
{"@timestamp":"2026-04-17T21:01:32.1149642-04:00","@version":"1","message":"HHH000026: Second-level cache disabled","logger_name":"org.hibernate.cache.internal.RegionFactoryInitiator","thread_name":"main","level":"INFO","level_value":20000}
{"@timestamp":"2026-04-17T21:01:32.593635374-04:00","@version":"1","message":"No LoadTimeWeaver setup: ignoring JPA class transformer","logger_name":"org.springframework.orm.jpa.persistenceunit.SpringPersistenceUnitInfo","thread_name":"main","level":"INFO","level_value":20000}
{"@timestamp":"2026-04-17T21:01:32.627795107-04:00","@version":"1","message":"HikariPool-1 - Starting...","logger_name":"com.zaxxer.hikari.HikariDataSource","thread_name":"main","level":"INFO","level_value":20000}
{"@timestamp":"2026-04-17T21:01:32.932091216-04:00","@version":"1","message":"HikariPool-1 - Added connection conn0: url=jdbc:h2:mem:store user=SA","logger_name":"com.zaxxer.hikari.pool.HikariPool","thread_name":"main","level":"INFO","level_value":20000}
{"@timestamp":"2026-04-17T21:01:32.935247344-04:00","@version":"1","message":"HikariPool-1 - Start completed.","logger_name":"com.zaxxer.hikari.HikariDataSource","thread_name":"main","level":"INFO","level_value":20000}
{"@timestamp":"2026-04-17T21:01:33.022573546-04:00","@version":"1","message":"HHH10001005: Database info:\n\tDatabase JDBC URL [Connecting through datasource 'HikariDataSource (HikariPool-1)']\n\tDatabase driver: undefined/unknown\n\tDatabase version: 2.3.232\n\tAutocommit mode: undefined/unknown\n\tIsolation level: undefined/unknown\n\tMinimum pool size: undefined/unknown\n\tMaximum pool size: undefined/unknown","logger_name":"org.hibernate.orm.connections.pooling","thread_name":"main","level":"INFO","level_value":20000}
{"@timestamp":"2026-04-17T21:01:34.244597789-04:00","@version":"1","message":"HHH000489: No JTA platform available (set 'hibernate.transaction.jta.platform' to enable JTA platform integration)","logger_name":"org.hibernate.engine.transaction.jta.platform.internal.JtaPlatformInitiator","thread_name":"main","level":"INFO","level_value":20000}
{"@timestamp":"2026-04-17T21:01:34.282213878-04:00","@version":"1","message":"Initialized JPA EntityManagerFactory for persistence unit 'default'","logger_name":"org.springframework.orm.jpa.LocalContainerEntityManagerFactoryBean","thread_name":"main","level":"INFO","level_value":20000}
{"@timestamp":"2026-04-17T21:01:34.895375975-04:00","@version":"1","message":"spring.jpa.open-in-view is enabled by default. Therefore, database queries may be performed during view rendering. Explicitly configure spring.jpa.open-in-view to disable this warning","logger_name":"org.springframework.boot.autoconfigure.orm.jpa.JpaBaseConfiguration$JpaWebConfiguration","thread_name":"main","level":"WARN","level_value":30000}
{"@timestamp":"2026-04-17T21:01:35.039551263-04:00","@version":"1","message":"For 'producto-service' URL not provided. Will try picking an instance via load-balancing.","logger_name":"org.springframework.cloud.openfeign.FeignClientFactoryBean","thread_name":"main","level":"INFO","level_value":20000}
{"@timestamp":"2026-04-17T21:01:39.436402912-04:00","@version":"1","message":"Eureka HTTP Client uses RestTemplate.","logger_name":"org.springframework.cloud.netflix.eureka.config.DiscoveryClientOptionalArgsConfiguration","thread_name":"main","level":"INFO","level_value":20000}
{"@timestamp":"2026-04-17T21:01:39.513476713-04:00","@version":"1","message":"Spring Cloud LoadBalancer is currently working with the default cache. While this cache implementation is useful for development and tests, it's recommended to use Caffeine cache in production.You can switch to using Caffeine cache, by adding it and org.springframework.cache.caffeine.CaffeineCacheManager to the classpath.","logger_name":"org.springframework.cloud.loadbalancer.config.LoadBalancerCacheAutoConfiguration$LoadBalancerCaffeineWarnLogger","thread_name":"main","level":"WARN","level_value":30000}
{"@timestamp":"2026-04-17T21:01:39.536204883-04:00","@version":"1","message":"Exposing 4 endpoints beneath base path '/actuator'","logger_name":"org.springframework.boot.actuate.endpoint.web.EndpointLinksResolver","thread_name":"main","level":"INFO","level_value":20000}
{"@timestamp":"2026-04-17T21:01:39.64221748-04:00","@version":"1","message":"Setting initial instance status as: STARTING","logger_name":"org.springframework.cloud.netflix.eureka.InstanceInfoFactory","thread_name":"main","level":"INFO","level_value":20000}
{"@timestamp":"2026-04-17T21:01:39.664757389-04:00","@version":"1","message":"Initializing Eureka in region us-east-1","logger_name":"com.netflix.discovery.DiscoveryClient","thread_name":"main","level":"INFO","level_value":20000}
{"@timestamp":"2026-04-17T21:01:39.668117412-04:00","@version":"1","message":"Resolving eureka endpoints via configuration","logger_name":"com.netflix.discovery.shared.resolver.aws.ConfigClusterResolver","thread_name":"main","level":"INFO","level_value":20000}
{"@timestamp":"2026-04-17T21:01:39.676283341-04:00","@version":"1","message":"Disable delta property : false","logger_name":"com.netflix.discovery.DiscoveryClient","thread_name":"main","level":"INFO","level_value":20000}
{"@timestamp":"2026-04-17T21:01:39.676421369-04:00","@version":"1","message":"Single vip registry refresh property : null","logger_name":"com.netflix.discovery.DiscoveryClient","thread_name":"main","level":"INFO","level_value":20000}
{"@timestamp":"2026-04-17T21:01:39.676509267-04:00","@version":"1","message":"Force full registry fetch : false","logger_name":"com.netflix.discovery.DiscoveryClient","thread_name":"main","level":"INFO","level_value":20000}
{"@timestamp":"2026-04-17T21:01:39.676586025-04:00","@version":"1","message":"Application is null : false","logger_name":"com.netflix.discovery.DiscoveryClient","thread_name":"main","level":"INFO","level_value":20000}
{"@timestamp":"2026-04-17T21:01:39.676659107-04:00","@version":"1","message":"Registered Applications size is zero : true","logger_name":"com.netflix.discovery.DiscoveryClient","thread_name":"main","level":"INFO","level_value":20000}
{"@timestamp":"2026-04-17T21:01:39.676742495-04:00","@version":"1","message":"Application version is -1: true","logger_name":"com.netflix.discovery.DiscoveryClient","thread_name":"main","level":"INFO","level_value":20000}
{"@timestamp":"2026-04-17T21:01:39.676823947-04:00","@version":"1","message":"Getting all instance registry info from the eureka server","logger_name":"com.netflix.discovery.DiscoveryClient","thread_name":"main","level":"INFO","level_value":20000}
{"@timestamp":"2026-04-17T21:01:40.011619145-04:00","@version":"1","message":"The response status is 200","logger_name":"com.netflix.discovery.DiscoveryClient","thread_name":"main","level":"INFO","level_value":20000}
{"@timestamp":"2026-04-17T21:01:40.013404629-04:00","@version":"1","message":"Starting heartbeat executor: renew interval is: 30","logger_name":"com.netflix.discovery.DiscoveryClient","thread_name":"main","level":"INFO","level_value":20000}
{"@timestamp":"2026-04-17T21:01:40.014952393-04:00","@version":"1","message":"InstanceInfoReplicator onDemand update allowed rate per min is 4","logger_name":"com.netflix.discovery.InstanceInfoReplicator","thread_name":"main","level":"INFO","level_value":20000}
{"@timestamp":"2026-04-17T21:01:40.016161285-04:00","@version":"1","message":"Discovery Client initialized at timestamp 1776474100015 with initial instances count: 1","logger_name":"com.netflix.discovery.DiscoveryClient","thread_name":"main","level":"INFO","level_value":20000}
{"@timestamp":"2026-04-17T21:01:40.024194549-04:00","@version":"1","message":"Registering application ORDEN-SERVICE with eureka with status UP","logger_name":"org.springframework.cloud.netflix.eureka.serviceregistry.EurekaServiceRegistry","thread_name":"main","level":"INFO","level_value":20000}
{"@timestamp":"2026-04-17T21:01:40.024908474-04:00","@version":"1","message":"Saw local status change event StatusChangeEvent [timestamp=1776474100024, current=UP, previous=STARTING]","logger_name":"com.netflix.discovery.DiscoveryClient","thread_name":"main","level":"INFO","level_value":20000}
{"@timestamp":"2026-04-17T21:01:40.026312371-04:00","@version":"1","message":"DiscoveryClient_ORDEN-SERVICE/192.168.1.247:orden-service:8084: registering service...","logger_name":"com.netflix.discovery.DiscoveryClient","thread_name":"DiscoveryClient-InstanceInfoReplicator-%d","level":"INFO","level_value":20000}
{"@timestamp":"2026-04-17T21:01:40.036859937-04:00","@version":"1","message":"Tomcat started on port 8084 (http) with context path '/'","logger_name":"org.springframework.boot.web.embedded.tomcat.TomcatWebServer","thread_name":"main","level":"INFO","level_value":20000}
{"@timestamp":"2026-04-17T21:01:40.037729545-04:00","@version":"1","message":"Updating port to 8084","logger_name":"org.springframework.cloud.netflix.eureka.serviceregistry.EurekaAutoServiceRegistration","thread_name":"main","level":"INFO","level_value":20000}
{"@timestamp":"2026-04-17T21:01:40.061202274-04:00","@version":"1","message":"DiscoveryClient_ORDEN-SERVICE/192.168.1.247:orden-service:8084 - registration status: 204","logger_name":"com.netflix.discovery.DiscoveryClient","thread_name":"DiscoveryClient-InstanceInfoReplicator-%d","level":"INFO","level_value":20000}
{"@timestamp":"2026-04-17T21:01:40.071477586-04:00","@version":"1","message":"Started OrdenServiceApplication in 17.352 seconds (process running for 18.189)","logger_name":"principal.OrdenServiceApplication","thread_name":"main","level":"INFO","level_value":20000}
{"@timestamp":"2026-04-17T21:01:51.551569257-04:00","@version":"1","message":"Initializing Spring DispatcherServlet 'dispatcherServlet'","logger_name":"org.apache.catalina.core.ContainerBase.[Tomcat].[localhost].[/]","thread_name":"http-nio-8084-exec-1","level":"INFO","level_value":20000}
{"@timestamp":"2026-04-17T21:01:51.551848427-04:00","@version":"1","message":"Initializing Servlet 'dispatcherServlet'","logger_name":"org.springframework.web.servlet.DispatcherServlet","thread_name":"http-nio-8084-exec-1","level":"INFO","level_value":20000}
{"@timestamp":"2026-04-17T21:01:51.554259882-04:00","@version":"1","message":"Completed initialization in 2 ms","logger_name":"org.springframework.web.servlet.DispatcherServlet","thread_name":"http-nio-8084-exec-1","level":"INFO","level_value":20000}
{"@timestamp":"2026-04-17T21:02:01.411371641-04:00","@version":"1","message":"Attempting to connect to: [localhost:5672]","logger_name":"org.springframework.amqp.rabbit.connection.CachingConnectionFactory","thread_name":"http-nio-8084-exec-2","level":"INFO","level_value":20000,"traceId":"69e2d8096635fee3ef8eeb1a25a90540","spanId":"ef8eeb1a25a90540"}
{"@timestamp":"2026-04-17T21:06:39.679019089-04:00","@version":"1","message":"Resolving eureka endpoints via configuration","logger_name":"com.netflix.discovery.shared.resolver.aws.ConfigClusterResolver","thread_name":"AsyncResolver-bootstrap-executor-%d","level":"INFO","level_value":20000}
{"@timestamp":"2026-04-17T21:11:39.6802213-04:00","@version":"1","message":"Resolving eureka endpoints via configuration","logger_name":"com.netflix.discovery.shared.resolver.aws.ConfigClusterResolver","thread_name":"AsyncResolver-bootstrap-executor-%d","level":"INFO","level_value":20000}
{"@timestamp":"2026-04-17T21:16:39.681941523-04:00","@version":"1","message":"Resolving eureka endpoints via configuration","logger_name":"com.netflix.discovery.shared.resolver.aws.ConfigClusterResolver","thread_name":"AsyncResolver-bootstrap-executor-%d","level":"INFO","level_value":20000}
{"@timestamp":"2026-04-17T21:21:39.68287866-04:00","@version":"1","message":"Resolving eureka endpoints via configuration","logger_name":"com.netflix.discovery.shared.resolver.aws.ConfigClusterResolver","thread_name":"AsyncResolver-bootstrap-executor-%d","level":"INFO","level_value":20000}
{"@timestamp":"2026-04-17T21:26:39.684325323-04:00","@version":"1","message":"Resolving eureka endpoints via configuration","logger_name":"com.netflix.discovery.shared.resolver.aws.ConfigClusterResolver","thread_name":"AsyncResolver-bootstrap-executor-%d","level":"INFO","level_value":20000}
{"@timestamp":"2026-04-17T21:26:40.864386788-04:00","@version":"1","message":"Spans were dropped due to exceptions. All subsequent errors will be logged at FINE level.","logger_name":"zipkin2.reporter.internal.AsyncReporter$BoundedAsyncReporter","thread_name":"AsyncReporter{ZipkinHttpClientSender{http://localhost:9411/api/v2/spans}}","level":"WARN","level_value":30000}
{"@timestamp":"2026-04-17T21:26:40.864741357-04:00","@version":"1","message":"Dropped 2 spans due to ConnectException()","logger_name":"zipkin2.reporter.internal.AsyncReporter$BoundedAsyncReporter","thread_name":"AsyncReporter{ZipkinHttpClientSender{http://localhost:9411/api/v2/spans}}","level":"WARN","level_value":30000,"stack_trace":"java.net.ConnectException\n\tat java.net.http/jdk.internal.net.http.HttpClientImpl.send(HttpClientImpl.java:923)\n\tat java.net.http/jdk.internal.net.http.HttpClientFacade.send(HttpClientFacade.java:133)\n\tat org.springframework.boot.actuate.autoconfigure.tracing.zipkin.ZipkinHttpClientSender.postSpans(ZipkinHttpClientSender.java:60)\n\tat org.springframework.boot.actuate.autoconfigure.tracing.zipkin.HttpSender.postSpans(HttpSender.java:69)\n\tat org.springframework.boot.actuate.autoconfigure.tracing.zipkin.HttpSender.postSpans(HttpSender.java:41)\n\tat zipkin2.reporter.BaseHttpSender.send(BaseHttpSender.java:123)\n\tat zipkin2.reporter.internal.AsyncReporter$BoundedAsyncReporter.flush(AsyncReporter.java:266)\n\tat zipkin2.reporter.internal.AsyncReporter$Flusher.run(AsyncReporter.java:352)\n\tat java.base/java.lang.Thread.run(Thread.java:1474)\nCaused by: java.net.ConnectException\n\tat java.net.http/jdk.internal.net.http.common.Utils.toConnectException(Utils.java:1070)\n\tat java.net.http/jdk.internal.net.http.PlainHttpConnection.connectAsync(PlainHttpConnection.java:223)\n\tat java.net.http/jdk.internal.net.http.PlainHttpConnection.checkRetryConnect(PlainHttpConnection.java:277)\n\tat java.net.http/jdk.internal.net.http.PlainHttpConnection.lambda$connectAsync$0(PlainHttpConnection.java:235)\n\tat java.base/java.util.concurrent.CompletableFuture.uniHandle(CompletableFuture.java:955)\n\tat java.base/java.util.concurrent.CompletableFuture$UniHandle.tryFire(CompletableFuture.java:932)\n\tat java.base/java.util.concurrent.CompletableFuture.postComplete(CompletableFuture.java:531)\n\tat java.base/java.util.concurrent.CompletableFuture$AsyncSupply.run(CompletableFuture.java:1794)\n\tat java.base/java.util.concurrent.ThreadPoolExecutor.runWorker(ThreadPoolExecutor.java:1090)\n\tat java.base/java.util.concurrent.ThreadPoolExecutor$Worker.run(ThreadPoolExecutor.java:614)\n\t... 1 common frames omitted\nCaused by: java.nio.channels.ClosedChannelException\n\tat java.base/sun.nio.ch.SocketChannelImpl.ensureOpen(SocketChannelImpl.java:204)\n\tat java.base/sun.nio.ch.SocketChannelImpl.connect(SocketChannelImpl.java:942)\n\tat java.net.http/jdk.internal.net.http.PlainHttpConnection.connectAsync(PlainHttpConnection.java:211)\n\t... 9 common frames omitted\n"}
{"@timestamp":"2026-04-17T21:31:39.684958233-04:00","@version":"1","message":"Resolving eureka endpoints via configuration","logger_name":"com.netflix.discovery.shared.resolver.aws.ConfigClusterResolver","thread_name":"AsyncResolver-bootstrap-executor-%d","level":"INFO","level_value":20000}
{"@timestamp":"2026-04-17T21:36:39.68562581-04:00","@version":"1","message":"Resolving eureka endpoints via configuration","logger_name":"com.netflix.discovery.shared.resolver.aws.ConfigClusterResolver","thread_name":"AsyncResolver-bootstrap-executor-%d","level":"INFO","level_value":20000}
{"@timestamp":"2026-04-17T21:41:39.686865457-04:00","@version":"1","message":"Resolving eureka endpoints via configuration","logger_name":"com.netflix.discovery.shared.resolver.aws.ConfigClusterResolver","thread_name":"AsyncResolver-bootstrap-executor-%d","level":"INFO","level_value":20000}
{"@timestamp":"2026-04-17T21:46:39.687621778-04:00","@version":"1","message":"Resolving eureka endpoints via configuration","logger_name":"com.netflix.discovery.shared.resolver.aws.ConfigClusterResolver","thread_name":"AsyncResolver-bootstrap-executor-%d","level":"INFO","level_value":20000}
{"@timestamp":"2026-04-17T21:49:05.916920192-04:00","@version":"1","message":"Unregistering application ORDEN-SERVICE with eureka with status DOWN","logger_name":"org.springframework.cloud.netflix.eureka.serviceregistry.EurekaServiceRegistry","thread_name":"SpringApplicationShutdownHook","level":"INFO","level_value":20000}
{"@timestamp":"2026-04-17T21:49:05.917281638-04:00","@version":"1","message":"Saw local status change event StatusChangeEvent [timestamp=1776476945917, current=DOWN, previous=UP]","logger_name":"com.netflix.discovery.DiscoveryClient","thread_name":"SpringApplicationShutdownHook","level":"INFO","level_value":20000}
{"@timestamp":"2026-04-17T21:49:05.917470389-04:00","@version":"1","message":"DiscoveryClient_ORDEN-SERVICE/192.168.1.247:orden-service:8084: registering service...","logger_name":"com.netflix.discovery.DiscoveryClient","thread_name":"DiscoveryClient-InstanceInfoReplicator-%d","level":"INFO","level_value":20000}
{"@timestamp":"2026-04-17T21:49:05.920366327-04:00","@version":"1","message":"Commencing graceful shutdown. Waiting for active requests to complete","logger_name":"org.springframework.boot.web.embedded.tomcat.GracefulShutdown","thread_name":"SpringApplicationShutdownHook","level":"INFO","level_value":20000}
{"@timestamp":"2026-04-17T21:49:05.925832262-04:00","@version":"1","message":"Graceful shutdown complete","logger_name":"org.springframework.boot.web.embedded.tomcat.GracefulShutdown","thread_name":"tomcat-shutdown","level":"INFO","level_value":20000}
{"@timestamp":"2026-04-17T21:49:05.929978816-04:00","@version":"1","message":"DiscoveryClient_ORDEN-SERVICE/192.168.1.247:orden-service:8084 - registration status: 204","logger_name":"com.netflix.discovery.DiscoveryClient","thread_name":"DiscoveryClient-InstanceInfoReplicator-%d","level":"INFO","level_value":20000}
{"@timestamp":"2026-04-17T21:49:05.940817462-04:00","@version":"1","message":"Closing JPA EntityManagerFactory for persistence unit 'default'","logger_name":"org.springframework.orm.jpa.LocalContainerEntityManagerFactoryBean","thread_name":"SpringApplicationShutdownHook","level":"INFO","level_value":20000}
{"@timestamp":"2026-04-17T21:49:05.944028602-04:00","@version":"1","message":"HikariPool-1 - Shutdown initiated...","logger_name":"com.zaxxer.hikari.HikariDataSource","thread_name":"SpringApplicationShutdownHook","level":"INFO","level_value":20000}
{"@timestamp":"2026-04-17T21:49:05.947744719-04:00","@version":"1","message":"HikariPool-1 - Shutdown completed.","logger_name":"com.zaxxer.hikari.HikariDataSource","thread_name":"SpringApplicationShutdownHook","level":"INFO","level_value":20000}
{"@timestamp":"2026-04-17T21:49:06.155995722-04:00","@version":"1","message":"Shutting down DiscoveryClient ...","logger_name":"com.netflix.discovery.DiscoveryClient","thread_name":"SpringApplicationShutdownHook","level":"INFO","level_value":20000}
{"@timestamp":"2026-04-17T21:49:09.156447846-04:00","@version":"1","message":"Unregistering ...","logger_name":"com.netflix.discovery.DiscoveryClient","thread_name":"SpringApplicationShutdownHook","level":"INFO","level_value":20000}
{"@timestamp":"2026-04-17T21:49:09.161599956-04:00","@version":"1","message":"DiscoveryClient_ORDEN-SERVICE/192.168.1.247:orden-service:8084 - deregister  status: 200","logger_name":"com.netflix.discovery.DiscoveryClient","thread_name":"SpringApplicationShutdownHook","level":"INFO","level_value":20000}
{"@timestamp":"2026-04-17T21:49:09.161830911-04:00","@version":"1","message":"Completed shut down of DiscoveryClient","logger_name":"com.netflix.discovery.DiscoveryClient","thread_name":"SpringApplicationShutdownHook","level":"INFO","level_value":20000}
